<?xml version="1.0" encoding="UTF-8"?>
<!-- Generated by org.testng.reporters.JUnitXMLReporter -->
<testsuite hostname="INW-266" ignored="2" name="Test" tests="1" failures="0" timestamp="2019-10-10T19:22:41 IST" time="527.382" errors="0">
  <testcase name="mapping" time="526.163" classname="com.svam.twentyeighty.tests.CDSMapping"/>
  <testcase name="@BeforeSuite suiteSetup" time="0.0" classname="com.svam.driver.TestDriver">
    <ignored/>
  </testcase> <!-- @BeforeSuite suiteSetup -->
  <testcase name="@AfterSuite testTearDown" time="0.0" classname="com.svam.driver.TestDriver">
    <ignored/>
  </testcase> <!-- @AfterSuite testTearDown -->
</testsuite> <!-- Test -->
