<?xml version="1.0" encoding="UTF-8"?>
<!-- Generated by org.testng.reporters.JUnitXMLReporter -->
<testsuite hostname="INW-266" ignored="23" name="Test" tests="1" failures="0" timestamp="2019-11-01T15:31:30 IST" time="144.844" errors="0">
  <testcase name="ResellerApproval_CPC_processedAccess_Granted_Learning" time="131.234" classname="com.svam.twentyeighty.tests.Regression"/>
  <testcase name="CPC_Pending" time="0.0" classname="com.svam.twentyeighty.tests.Regression">
    <ignored/>
  </testcase> <!-- CPC_Pending -->
  <testcase name="CPC_AwaitingAccess" time="0.0" classname="com.svam.twentyeighty.tests.Regression">
    <ignored/>
  </testcase> <!-- CPC_AwaitingAccess -->
  <testcase name="Notes_CPC_AwaitingAccess" time="0.0" classname="com.svam.twentyeighty.tests.Regression">
    <ignored/>
  </testcase> <!-- Notes_CPC_AwaitingAccess -->
  <testcase name="Reseller_sessionmapping_FutureExpectedDate" time="0.0" classname="com.svam.twentyeighty.tests.Regression">
    <ignored/>
  </testcase> <!-- Reseller_sessionmapping_FutureExpectedDate -->
  <testcase name="CPC_PublicWebsite_Registration_License" time="0.0" classname="com.svam.twentyeighty.tests.Regression">
    <ignored/>
  </testcase> <!-- CPC_PublicWebsite_Registration_License -->
  <testcase name="CPC_Expectedstartdate" time="0.0" classname="com.svam.twentyeighty.tests.Regression">
    <ignored/>
  </testcase> <!-- CPC_Expectedstartdate -->
  <testcase name="CPC_Deleted" time="0.0" classname="com.svam.twentyeighty.tests.Regression">
    <ignored/>
  </testcase> <!-- CPC_Deleted -->
  <testcase name="CPC_ProcessedAccesGranted" time="0.0" classname="com.svam.twentyeighty.tests.Regression">
    <ignored/>
  </testcase> <!-- CPC_ProcessedAccesGranted -->
  <testcase name="CPC_PublicWebsite_Registration_purchaseorder" time="0.0" classname="com.svam.twentyeighty.tests.Regression">
    <ignored/>
  </testcase> <!-- CPC_PublicWebsite_Registration_purchaseorder -->
  <testcase name="CPC_License_validation" time="0.0" classname="com.svam.twentyeighty.tests.Regression">
    <ignored/>
  </testcase> <!-- CPC_License_validation -->
  <testcase name="Notes_CPC_Pending" time="0.0" classname="com.svam.twentyeighty.tests.Regression">
    <ignored/>
  </testcase> <!-- Notes_CPC_Pending -->
  <testcase name="CPC_Intacct_Id_Added" time="0.0" classname="com.svam.twentyeighty.tests.Regression">
    <ignored/>
  </testcase> <!-- CPC_Intacct_Id_Added -->
  <testcase name="Registration_Verification_ResellerToCPC" time="0.0" classname="com.svam.twentyeighty.tests.Regression">
    <ignored/>
  </testcase> <!-- Registration_Verification_ResellerToCPC -->
  <testcase name="verifyIntacctID" time="0.0" classname="com.svam.twentyeighty.tests.Regression">
    <ignored/>
  </testcase> <!-- verifyIntacctID -->
  <testcase name="Futurestartdate_sessionmapping" time="0.0" classname="com.svam.twentyeighty.tests.Regression">
    <ignored/>
  </testcase> <!-- Futurestartdate_sessionmapping -->
  <testcase name="CPC_PublicWebsite_Registration_Check" time="0.0" classname="com.svam.twentyeighty.tests.Regression">
    <ignored/>
  </testcase> <!-- CPC_PublicWebsite_Registration_Check -->
  <testcase name="CPC_Intacct_ID_Manadtory_Field" time="0.0" classname="com.svam.twentyeighty.tests.Regression">
    <ignored/>
  </testcase> <!-- CPC_Intacct_ID_Manadtory_Field -->
  <testcase name="@BeforeSuite suiteSetup" time="0.0" classname="com.svam.driver.TestDriver">
    <ignored/>
  </testcase> <!-- @BeforeSuite suiteSetup -->
  <testcase name="Reseller_sessionmapping" time="0.0" classname="com.svam.twentyeighty.tests.Regression">
    <ignored/>
  </testcase> <!-- Reseller_sessionmapping -->
  <testcase name="CPC_Dummy_Intacct_ID_Save_Record" time="0.0" classname="com.svam.twentyeighty.tests.Regression">
    <ignored/>
  </testcase> <!-- CPC_Dummy_Intacct_ID_Save_Record -->
  <testcase name="CPC_Intacct_ID_Details_Work" time="0.0" classname="com.svam.twentyeighty.tests.Regression">
    <ignored/>
  </testcase> <!-- CPC_Intacct_ID_Details_Work -->
  <testcase name="CPC_Intacct_ID_Details_UIElements" time="0.0" classname="com.svam.twentyeighty.tests.Regression">
    <ignored/>
  </testcase> <!-- CPC_Intacct_ID_Details_UIElements -->
  <testcase name="@AfterSuite testTearDown" time="0.0" classname="com.svam.driver.TestDriver">
    <ignored/>
  </testcase> <!-- @AfterSuite testTearDown -->
</testsuite> <!-- Test -->
